<?xml version="1.0" encoding="UTF-8"?>
<!-- Generated by org.testng.reporters.JUnitReportReporter -->
<testsuite hostname="DESKTOP-FJ92GIA" failures="0" tests="1" name="com.learnautomation.testcases.LoginTest" time="8.438" errors="0" timestamp="21 Jan 2021 10:07:15 GMT" skipped="0">
  <testcase classname="com.learnautomation.testcases.LoginTest" name="loginApp" time="8.438"/>
</testsuite> <!-- com.learnautomation.testcases.LoginTest -->
